build/app/outputs/mapping/release/seeds.txt
androidx.core.app.RemoteActionCompatParcelizer
androidx.core.app.RemoteActionCompatParcelizer: RemoteActionCompatParcelizer()
androidx.core.app.RemoteActionCompatParcelizer: androidx.core.app.RemoteActionCompat read(androidx.versionedparcelable.VersionedParcel)
androidx.core.app.RemoteActionCompatParcelizer: void write(androidx.core.app.RemoteActionCompat,androidx.versionedparcelable.VersionedParcel)
androidx.core.graphics.drawable.IconCompat
androidx.core.graphics.drawable.IconCompatParcelizer
androidx.core.graphics.drawable.IconCompatParcelizer: IconCompatParcelizer()
androidx.core.graphics.drawable.IconCompatParcelizer: androidx.core.graphics.drawable.IconCompat read(androidx.versionedparcelable.VersionedParcel)
androidx.core.graphics.drawable.IconCompatParcelizer: void write(androidx.core.graphics.drawable.IconCompat,androidx.versionedparcelable.VersionedParcel)
androidx.core.widget.NestedScrollView: void setNestedScrollingEnabled(boolean)
androidx.core.widget.NestedScrollView: int getNestedScrollAxes()
androidx.core.widget.NestedScrollView: float getTopFadingEdgeStrength()
androidx.core.widget.NestedScrollView: float getBottomFadingEdgeStrength()
androidx.core.widget.NestedScrollView: int getMaxScrollAmount()
androidx.core.widget.NestedScrollView: void setOnScrollChangeListener(androidx.core.widget.NestedScrollView$OnScrollChangeListener)
androidx.core.widget.NestedScrollView: void setFillViewport(boolean)
androidx.core.widget.NestedScrollView: void setSmoothScrollingEnabled(boolean)
androidx.core.widget.NestedScrollView: float getVerticalScrollFactorCompat()
androidx.core.widget.NestedScrollView: int getScrollRange()
androidx.core.widget.NestedScrollView$SavedState: android.os.Parcelable$Creator CREATOR
androidx.customview.R$attr: int alpha
androidx.customview.R$attr: int font
androidx.customview.R$attr: int fontProviderAuthority
androidx.customview.R$attr: int fontProviderCerts
androidx.customview.R$attr: int fontProviderFetchStrategy
androidx.customview.R$attr: int fontProviderFetchTimeout
androidx.customview.R$attr: int fontProviderPackage
androidx.customview.R$attr: int fontProviderQuery
androidx.customview.R$attr: int fontStyle
androidx.customview.R$attr: int fontVariationSettings
androidx.customview.R$attr: int fontWeight
androidx.customview.R$attr: int ttcIndex
androidx.customview.R$color: int notification_action_color_filter
androidx.customview.R$color: int notification_icon_bg_color
androidx.customview.R$color: int ripple_material_light
androidx.customview.R$color: int secondary_text_default_material_light