build/app/outputs/mapping/release/mapping.txt
androidx.loader.app.LoaderManagerImpl -> androidx.c.a.b:
    boolean DEBUG -> a
    androidx.lifecycle.LifecycleOwner mLifecycleOwner -> b
    androidx.loader.app.LoaderManagerImpl$LoaderViewModel mLoaderViewModel -> c
    void <init>(androidx.lifecycle.LifecycleOwner,androidx.lifecycle.ViewModelStore) -> <init>
    void markForRedelivery() -> a
    java.lang.String toString() -> toString
    void dump(java.lang.String,java.io.FileDescriptor,java.io.PrintWriter,java.lang.String[]) -> a
    void <clinit>() -> <clinit>
androidx.loader.app.LoaderManagerImpl$LoaderInfo -> androidx.c.a.b$a:
    int mId -> e
    android.os.Bundle mArgs -> f
    androidx.loader.content.Loader mLoader -> g
    androidx.lifecycle.LifecycleOwner mLifecycleOwner -> h
    androidx.loader.app.LoaderManagerImpl$LoaderObserver mObserver -> i
    androidx.loader.content.Loader mPriorLoader -> j
    androidx.loader.content.Loader getLoader() -> e
    void onActive() -> b
    void onInactive() -> c
    void markForRedelivery() -> f
    void removeObserver(androidx.lifecycle.Observer) -> a
    androidx.loader.content.Loader destroy(boolean) -> a
    void setValue(java.lang.Object) -> a
    java.lang.String toString() -> toString
    void dump(java.lang.String,java.io.FileDescriptor,java.io.PrintWriter,java.lang.String[]) -> a
androidx.loader.app.LoaderManagerImpl$LoaderObserver -> androidx.c.a.b$b:
    androidx.loader.content.Loader mLoader -> a
    androidx.loader.app.LoaderManager$LoaderCallbacks mCallback -> b
    boolean mDeliveredData -> c
    void onChanged(java.lang.Object) -> a
    boolean hasDeliveredData() -> a
    void reset() -> b
    java.lang.String toString() -> toString
    void dump(java.lang.String,java.io.PrintWriter) -> a
androidx.loader.app.LoaderManagerImpl$LoaderViewModel -> androidx.c.a.b$c:
    androidx.lifecycle.ViewModelProvider$Factory FACTORY -> a
    androidx.collection.SparseArrayCompat mLoaders -> b
    boolean mCreatingLoader -> c
    void <init>() -> <init>
    androidx.loader.app.LoaderManagerImpl$LoaderViewModel getInstance(androidx.lifecycle.ViewModelStore) -> a
    void markForRedelivery() -> b
    void onCleared() -> a
    void dump(java.lang.String,java.io.FileDescriptor,java.io.PrintWriter,java.lang.String[]) -> a
    void <clinit>() -> <clinit>
androidx.loader.app.LoaderManagerImpl$LoaderViewModel$1 -> androidx.c.a.b$c$1:
    void <init>() -> <init>
    androidx.lifecycle.ViewModel create(java.lang.Class) -> a
androidx.loader.content.Loader -> androidx.c.b.a:
    int mId -> a
    androidx.loader.content.Loader$OnLoadCompleteListener mListener -> b
    boolean mStarted -> c
    boolean mAbandoned -> d
    boolean mReset -> e
    boolean mContentChanged -> f
    boolean mProcessingChange -> g
    void unregisterListener(androidx.loader.content.Loader$OnLoadCompleteListener) -> a
    void startLoading() -> a
    void onStartLoading() -> b
    boolean cancelLoad() -> c
    boolean onCancelLoad() -> d
    void stopLoading() -> e
    void onStopLoading() -> f
    void abandon() -> g
    void onAbandon() -> h
    void reset() -> i
    void onReset() -> j
    java.lang.String dataToString(java.lang.Object) -> a
    java.lang.String toString() -> toString
    void dump(java.lang.String,java.io.FileDescriptor,java.io.PrintWriter,java.lang.String[]) -> a
androidx.loader.content.Loader$OnLoadCompleteListener -> androidx.c.b.a$a:
androidx.savedstate.Recreator -> androidx.savedstate.Recreator:
    androidx.savedstate.SavedStateRegistryOwner mOwner -> a
    void <init>(androidx.savedstate.SavedStateRegistryOwner) -> <init>
    void onStateChanged(androidx.lifecycle.LifecycleOwner,androidx.lifecycle.Lifecycle$Event) -> a
    void reflectiveNew(java.lang.String) -> a