build/app/outputs/mapping/release/usage.txt
androidx.core.widget.AutoScrollHelper$ClampedScroller
androidx.core.widget.AutoScrollHelper$ScrollAnimationRunnable
androidx.core.widget.AutoSizeableTextView
androidx.core.widget.CompoundButtonCompat
androidx.core.widget.ContentLoadingProgressBar
androidx.core.widget.ContentLoadingProgressBar$1
androidx.core.widget.ContentLoadingProgressBar$2
androidx.core.widget.EdgeEffectCompat
androidx.core.widget.ImageViewCompat
androidx.core.widget.ListPopupWindowCompat
androidx.core.widget.ListViewAutoScrollHelper
androidx.core.widget.ListViewCompat
androidx.core.widget.NestedScrollView
androidx.core.widget.NestedScrollView$AccessibilityDelegate
androidx.core.widget.NestedScrollView$OnScrollChangeListener
androidx.core.widget.NestedScrollView$SavedState
androidx.core.widget.NestedScrollView$SavedState$1
androidx.core.widget.PopupMenuCompat
androidx.core.widget.PopupWindowCompat
androidx.core.widget.ScrollerCompat
androidx.core.widget.TextViewCompat
androidx.core.widget.TextViewCompat$AutoSizeTextType
androidx.core.widget.TextViewCompat$OreoCallback
androidx.core.widget.TintableCompoundButton
androidx.core.widget.TintableCompoundDrawablesView
androidx.core.widget.TintableImageSourceView
androidx.customview.R
androidx.customview.R$attr
androidx.customview.R$color
androidx.customview.R$dimen
androidx.customview.R$drawable
androidx.customview.R$id
androidx.customview.R$integer
androidx.customview.R$layout
androidx.customview.R$string
androidx.customview.R$style
androidx.customview.R$styleable
androidx.customview.view.AbsSavedState
androidx.customview.view.AbsSavedState$1
androidx.customview.view.AbsSavedState$2
androidx.customview.widget.ExploreByTouchHelper
androidx.customview.widget.ExploreByTouchHelper$1
androidx.customview.widget.ExploreByTouchHelper$2
androidx.customview.widget.ExploreByTouchHelper$MyNodeProvider
androidx.customview.widget.FocusStrategy
androidx.customview.widget.FocusStrategy$BoundsAdapter
androidx.customview.widget.FocusStrategy$CollectionAdapter
androidx.customview.widget.FocusStrategy$SequentialComparator
androidx.customview.widget.ViewDragHelper
androidx.customview.widget.ViewDragHelper$1
androidx.customview.widget.ViewDragHelper$2
androidx.customview.widget.ViewDragHelper$Callback
androidx.fragment.R
androidx.fragment.R$attr
androidx.fragment.R$color
androidx.fragment.R$dimen
androidx.fragment.R$drawable
androidx.fragment.R$id
androidx.fragment.R$integer
androidx.fragment.R$layout
androidx.fragment.R$string
androidx.fragment.R$style
androidx.fragment.R$styleable
androidx.fragment.app.BackStackRecord:
    static final java.lang.String TAG
    146:146:public int getId()
    151:151:public int getBreadCrumbTitleRes()
    156:156:public int getBreadCrumbShortTitleRes()
    162:165:public java.lang.CharSequence getBreadCrumbTitle()
    171:174:public java.lang.CharSequence getBreadCrumbShortTitle()
    186:191:public androidx.fragment.app.FragmentTransaction remove(androidx.fragment.app.Fragment)
    197:202:public androidx.fragment.app.FragmentTransaction hide(androidx.fragment.app.Fragment)
    208:213:public androidx.fragment.app.FragmentTransaction show(androidx.fragment.app.Fragment)
    219:224:public androidx.fragment.app.FragmentTransaction detach(androidx.fragment.app.Fragment)
    230:236:public androidx.fragment.app.FragmentTransaction setPrimaryNavigationFragment(androidx.fragment.app.Fragment)
    243:251:public androidx.fragment.app.FragmentTransaction setMaxLifecycle(androidx.fragment.app.Fragment,androidx.lifecycle.Lifecycle$State)
    287:287:public int commitAllowingStateLoss()
    292:294:public void commitNow()
    298:300:public void commitNowAllowingStateLoss()
    665:665:public boolean isEmpty()
androidx.fragment.app.DialogFragment
androidx.fragment.app.DialogFragment$1
androidx.fragment.app.Fragment$SavedState:
    382:384:Fragment$SavedState(android.os.Bundle)